<testsuite errors="0" failures="0" name="Django Project Tests" skips="0" tests="7" time="0.036"><testcase classname="GUI.tests.viewTest" name="test_analyse_view_url_exists_at_desired_location6" time="0.013820" /><testcase classname="GUI.tests.viewTest" name="test_application_view_url_exists_at_desired_location" time="0.002730" /><testcase classname="GUI.tests.viewTest" name="test_home_view_url_exists_at_desired_location" time="0.002118" /><testcase classname="GUI.tests.viewTest" name="test_mentions_legales_view_url_exists_at_desired_location" time="0.001728" /><testcase classname="GUI.tests.viewTest" name="test_page_is_not_found" time="0.002508" /><testcase classname="GUI.tests.viewTest" name="test_plan_du_site_view_url_exists_at_desired_location4" time="0.001922" /><testcase classname="GUI.tests.viewTest" name="test_qui_sommes_nous_view_url_exists_at_desired_location5" time="0.002673" /></testsuite>